<?xml version="1.0" encoding="UTF-8"?>
<testng-results skipped="0" failed="0" total="1" passed="1">
  <reporter-output>
    <line>
      <![CDATA[<div "featureFile">Feature File: sample.feature</div>]]>
    </line>
    <line>
      <![CDATA[<div "feature">Feature: test sample login</div>]]>
    </line>
    <line>
      <![CDATA[<div "scenarioOutline">Scenario Outline: test login with valid input</div>]]>
    </line>
    <line>
      <![CDATA[<div "scenario">Scenario Outline: test login with valid input</div>]]>
    </line>
    <line>
      <![CDATA[<div "result">Given  i open webpage (passed : 0s)</div>]]>
    </line>
    <line>
      <![CDATA[<div "result">When  i give valid &lt;username&gt; and &lt;password&gt; (passed : 0s)</div>]]>
    </line>
    <line>
      <![CDATA[<div "result">Then  i should see the home page (passed : 0s)</div>]]>
    </line>
  </reporter-output>
  <suite name="Default suite" duration-ms="330" started-at="2016-06-16T09:28:08Z" finished-at="2016-06-16T09:28:09Z">
    <groups>
      <group name="cucumber">
        <method signature="AbstractTestNGCucumberTests.run_cukes()[pri:0, instance:org.functional.Runner.RunCukesTest@4e04a765]" name="run_cukes" class="cucumber.api.testng.AbstractTestNGCucumberTests"/>
      </group> <!-- cucumber -->
    </groups>
    <test name="Default test" duration-ms="330" started-at="2016-06-16T09:28:08Z" finished-at="2016-06-16T09:28:09Z">
      <class name="org.functional.Runner.RunCukesTest">
        <test-method status="PASS" signature="run_cukes()[pri:0, instance:org.functional.Runner.RunCukesTest@4e04a765]" name="run_cukes" duration-ms="320" started-at="2016-06-16T14:58:08Z" description="Runs Cucumber Features" finished-at="2016-06-16T14:58:09Z">
          <reporter-output>
            <line>
              <![CDATA[<div "featureFile">Feature File: sample.feature</div>]]>
            </line>
            <line>
              <![CDATA[<div "feature">Feature: test sample login</div>]]>
            </line>
            <line>
              <![CDATA[<div "scenarioOutline">Scenario Outline: test login with valid input</div>]]>
            </line>
            <line>
              <![CDATA[<div "scenario">Scenario Outline: test login with valid input</div>]]>
            </line>
            <line>
              <![CDATA[<div "result">Given  i open webpage (passed : 0s)</div>]]>
            </line>
            <line>
              <![CDATA[<div "result">When  i give valid &lt;username&gt; and &lt;password&gt; (passed : 0s)</div>]]>
            </line>
            <line>
              <![CDATA[<div "result">Then  i should see the home page (passed : 0s)</div>]]>
            </line>
          </reporter-output>
        </test-method> <!-- run_cukes -->
      </class> <!-- org.functional.Runner.RunCukesTest -->
    </test> <!-- Default test -->
  </suite> <!-- Default suite -->
</testng-results>
